$ storybook build --output-dir /var/folders/5y/16c6y21n07z3q6rwgtmhsq9m0000gn/T/chromatic--36694-HjzYzVHEaW1U
@storybook/cli v7.6.6

info => Cleaning outputDir: /var/folders/5y/16c6y21n07z3q6rwgtmhsq9m0000gn/T/chromatic--36694-HjzYzVHEaW1U
info => Loading presets
info => Building manager..
info => Manager built (139 ms)
info => Building preview..
info => Copying static files: /Users/tiffaniewong/learning/taskbox/node_modules/@storybook/manager/static at /var/folders/5y/16c6y21n07z3q6rwgtmhsq9m0000gn/T/chromatic--36694-HjzYzVHEaW1U/sb-common-assets
info => Copying static files: /Users/tiffaniewong/learning/taskbox/public at /var/folders/5y/16c6y21n07z3q6rwgtmhsq9m0000gn/T/chromatic--36694-HjzYzVHEaW1U/
vite v4.5.1 building for production...
transforming...
✓ 839 modules transformed.
rendering chunks...
computing gzip size...
../../../../var/folders/5y/16c6y21n07z3q6rwgtmhsq9m0000gn/T/chromatic--36694-HjzYzVHEaW1U/iframe.html                                     12.58 kB │ gzip:   3.58 kB
../../../../var/folders/5y/16c6y21n07z3q6rwgtmhsq9m0000gn/T/chromatic--36694-HjzYzVHEaW1U/assets/percolate-dac75269.ttf                   34.04 kB
../../../../var/folders/5y/16c6y21n07z3q6rwgtmhsq9m0000gn/T/chromatic--36694-HjzYzVHEaW1U/assets/percolate-ec979d96.woff                  34.11 kB
../../../../var/folders/5y/16c6y21n07z3q6rwgtmhsq9m0000gn/T/chromatic--36694-HjzYzVHEaW1U/assets/percolate-5ed633c2.eot                   34.21 kB
../../../../var/folders/5y/16c6y21n07z3q6rwgtmhsq9m0000gn/T/chromatic--36694-HjzYzVHEaW1U/assets/percolate-d13fa91b.svg                  140.51 kB │ gzip:  46.93 kB
../../../../var/folders/5y/16c6y21n07z3q6rwgtmhsq9m0000gn/T/chromatic--36694-HjzYzVHEaW1U/assets/preview-4f244d89.css                      6.87 kB │ gzip:   2.05 kB
../../../../var/folders/5y/16c6y21n07z3q6rwgtmhsq9m0000gn/T/chromatic--36694-HjzYzVHEaW1U/assets/_commonjs-dynamic-modules-302442b1.js     0.24 kB │ gzip:   0.19 kB
../../../../var/folders/5y/16c6y21n07z3q6rwgtmhsq9m0000gn/T/chromatic--36694-HjzYzVHEaW1U/assets/WithTooltip-V3YHNWJZ-5352ffd3.js          0.44 kB │ gzip:   0.27 kB
../../../../var/folders/5y/16c6y21n07z3q6rwgtmhsq9m0000gn/T/chromatic--36694-HjzYzVHEaW1U/assets/syntaxhighlighter-V7JZZA35-3c66be89.js    0.45 kB │ gzip:   0.29 kB
../../../../var/folders/5y/16c6y21n07z3q6rwgtmhsq9m0000gn/T/chromatic--36694-HjzYzVHEaW1U/assets/preview-26f888ed.js                       0.51 kB │ gzip:   0.33 kB
../../../../var/folders/5y/16c6y21n07z3q6rwgtmhsq9m0000gn/T/chromatic--36694-HjzYzVHEaW1U/assets/index-3fd0d1ea.js                         0.58 kB │ gzip:   0.35 kB
../../../../var/folders/5y/16c6y21n07z3q6rwgtmhsq9m0000gn/T/chromatic--36694-HjzYzVHEaW1U/assets/preview-73104b77.js                       0.64 kB │ gzip:   0.45 kB
../../../../var/folders/5y/16c6y21n07z3q6rwgtmhsq9m0000gn/T/chromatic--36694-HjzYzVHEaW1U/assets/_commonjsHelpers-de833af9.js              0.69 kB │ gzip:   0.38 kB
../../../../var/folders/5y/16c6y21n07z3q6rwgtmhsq9m0000gn/T/chromatic--36694-HjzYzVHEaW1U/assets/index-356e4a49.js                         0.77 kB │ gzip:   0.47 kB
../../../../var/folders/5y/16c6y21n07z3q6rwgtmhsq9m0000gn/T/chromatic--36694-HjzYzVHEaW1U/assets/index-8d47fad6.js                         0.80 kB │ gzip:   0.52 kB
../../../../var/folders/5y/16c6y21n07z3q6rwgtmhsq9m0000gn/T/chromatic--36694-HjzYzVHEaW1U/assets/preview-0ef86afd.js                       0.86 kB │ gzip:   0.55 kB
../../../../var/folders/5y/16c6y21n07z3q6rwgtmhsq9m0000gn/T/chromatic--36694-HjzYzVHEaW1U/assets/preview-32e87d90.js                       1.04 kB │ gzip:   0.68 kB
../../../../var/folders/5y/16c6y21n07z3q6rwgtmhsq9m0000gn/T/chromatic--36694-HjzYzVHEaW1U/assets/entry-preview-fb6629d6.js                 1.12 kB │ gzip:   0.66 kB
../../../../var/folders/5y/16c6y21n07z3q6rwgtmhsq9m0000gn/T/chromatic--36694-HjzYzVHEaW1U/assets/index-11d98b33.js                         2.59 kB │ gzip:   1.26 kB
../../../../var/folders/5y/16c6y21n07z3q6rwgtmhsq9m0000gn/T/chromatic--36694-HjzYzVHEaW1U/assets/preview-30b54f76.js                       3.21 kB │ gzip:   1.37 kB
../../../../var/folders/5y/16c6y21n07z3q6rwgtmhsq9m0000gn/T/chromatic--36694-HjzYzVHEaW1U/assets/Task.stories-cd71f1f7.js                  3.66 kB │ gzip:   1.54 kB
../../../../var/folders/5y/16c6y21n07z3q6rwgtmhsq9m0000gn/T/chromatic--36694-HjzYzVHEaW1U/assets/iframe-8ea7741d.js                        4.64 kB │ gzip:   1.66 kB
../../../../var/folders/5y/16c6y21n07z3q6rwgtmhsq9m0000gn/T/chromatic--36694-HjzYzVHEaW1U/assets/preview-d01b88e8.js                       5.23 kB │ gzip:   2.41 kB
../../../../var/folders/5y/16c6y21n07z3q6rwgtmhsq9m0000gn/T/chromatic--36694-HjzYzVHEaW1U/assets/index-76fb7be0.js                         7.16 kB │ gzip:   2.91 kB
../../../../var/folders/5y/16c6y21n07z3q6rwgtmhsq9m0000gn/T/chromatic--36694-HjzYzVHEaW1U/assets/preview-da31036b.js                       7.62 kB │ gzip:   1.55 kB
../../../../var/folders/5y/16c6y21n07z3q6rwgtmhsq9m0000gn/T/chromatic--36694-HjzYzVHEaW1U/assets/preview-c56bf6ac.js                       8.28 kB │ gzip:   3.17 kB
../../../../var/folders/5y/16c6y21n07z3q6rwgtmhsq9m0000gn/T/chromatic--36694-HjzYzVHEaW1U/assets/index-da07a199.js                        13.61 kB │ gzip:   5.13 kB
../../../../var/folders/5y/16c6y21n07z3q6rwgtmhsq9m0000gn/T/chromatic--36694-HjzYzVHEaW1U/assets/Color-6VNJS4EI-9047e871.js               17.64 kB │ gzip:   6.81 kB
../../../../var/folders/5y/16c6y21n07z3q6rwgtmhsq9m0000gn/T/chromatic--36694-HjzYzVHEaW1U/assets/TaskList.stories-fea8b812.js             32.66 kB │ gzip:  12.13 kB
../../../../var/folders/5y/16c6y21n07z3q6rwgtmhsq9m0000gn/T/chromatic--36694-HjzYzVHEaW1U/assets/preview-f8bdd522.js                      34.23 kB │ gzip:  13.41 kB
../../../../var/folders/5y/16c6y21n07z3q6rwgtmhsq9m0000gn/T/chromatic--36694-HjzYzVHEaW1U/assets/preview-21802b0a.js                      72.07 kB │ gzip:  24.41 kB
../../../../var/folders/5y/16c6y21n07z3q6rwgtmhsq9m0000gn/T/chromatic--36694-HjzYzVHEaW1U/assets/_getPrototype-1e53b583.js                78.40 kB │ gzip:  23.54 kB
../../../../var/folders/5y/16c6y21n07z3q6rwgtmhsq9m0000gn/T/chromatic--36694-HjzYzVHEaW1U/assets/react-18-236157c6.js                    134.55 kB │ gzip:  43.45 kB
../../../../var/folders/5y/16c6y21n07z3q6rwgtmhsq9m0000gn/T/chromatic--36694-HjzYzVHEaW1U/assets/entry-preview-docs-17bdf6ae.js          212.41 kB │ gzip:  66.48 kB
../../../../var/folders/5y/16c6y21n07z3q6rwgtmhsq9m0000gn/T/chromatic--36694-HjzYzVHEaW1U/assets/index-03d05a58.js                       375.25 kB │ gzip: 116.12 kB
../../../../var/folders/5y/16c6y21n07z3q6rwgtmhsq9m0000gn/T/chromatic--36694-HjzYzVHEaW1U/assets/DocsRenderer-NNNQARDV-8094bb84.js       537.37 kB │ gzip: 175.75 kB
../../../../var/folders/5y/16c6y21n07z3q6rwgtmhsq9m0000gn/T/chromatic--36694-HjzYzVHEaW1U/assets/InboxScreen.stories-0a8f5d60.js         562.37 kB │ gzip: 149.27 kB
../../../../var/folders/5y/16c6y21n07z3q6rwgtmhsq9m0000gn/T/chromatic--36694-HjzYzVHEaW1U/assets/axe-3e344d98.js                         575.65 kB │ gzip: 159.30 kB
../../../../var/folders/5y/16c6y21n07z3q6rwgtmhsq9m0000gn/T/chromatic--36694-HjzYzVHEaW1U/assets/formatter-SWP5E3XI-8935a719.js          601.64 kB │ gzip: 186.24 kB
✓ built in 5.81s
info => Preview built (6.12 s)
info => Output directory: /var/folders/5y/16c6y21n07z3q6rwgtmhsq9m0000gn/T/chromatic--36694-HjzYzVHEaW1U
